Построение начато 09.05.2016 16:01:21.
     1>Проект "c:\Users\Z500\documents\visual studio 2010\Projects\task15\task15\task15.vcxproj" в узле 2 (целевые объекты build).
     1>InitializeBuildStatus:
         Создание "Debug\task15.unsuccessfulbuild", так как было задано "AlwaysCreate".
       ClCompile:
         C:\Program Files (x86)\Microsoft Visual Studio 10.0\VC\bin\CL.exe /c /ZI /nologo /W3 /WX- /Od /Oy- /D _MBCS /Gm /EHsc /RTC1 /MDd /GS /fp:precise /Zc:wchar_t /Zc:forScope /Fo"Debug\\" /Fd"Debug\vc100.pdb" /Gd /TP /analyze- /errorReport:prompt main.cpp
         main.cpp
     1>c:\users\z500\documents\visual studio 2010\projects\task15\task15\main.cpp(16): warning C4996: 'freopen': This function or variable may be unsafe. Consider using freopen_s instead. To disable deprecation, use _CRT_SECURE_NO_WARNINGS. See online help for details.
                 c:\program files (x86)\microsoft visual studio 10.0\vc\include\stdio.h(249): см. объявление "freopen"
     1>c:\users\z500\documents\visual studio 2010\projects\task15\task15\main.cpp(30): warning C4018: <: несоответствие типов со знаком и без знака
       Link:
         C:\Program Files (x86)\Microsoft Visual Studio 10.0\VC\bin\link.exe /ERRORREPORT:PROMPT /OUT:"c:\users\z500\documents\visual studio 2010\Projects\task15\Debug\task15.exe" /NOLOGO kernel32.lib user32.lib gdi32.lib winspool.lib comdlg32.lib advapi32.lib shell32.lib ole32.lib oleaut32.lib uuid.lib odbc32.lib odbccp32.lib /MANIFEST /ManifestFile:"Debug\task15.exe.intermediate.manifest" /MANIFESTUAC:"level='asInvoker' uiAccess='false'" /DEBUG /PDB:"c:\users\z500\documents\visual studio 2010\Projects\task15\Debug\task15.pdb" /TLBID:1 /DYNAMICBASE /NXCOMPAT /IMPLIB:"c:\users\z500\documents\visual studio 2010\Projects\task15\Debug\task15.lib" /MACHINE:X86 Debug\main.obj
         LINK : не найден или не выполнена сборка c:\users\z500\documents\visual studio 2010\Projects\task15\Debug\task15.exe при последней инкрементной компоновке; выполняется полная компоновка
         task15.vcxproj -> c:\users\z500\documents\visual studio 2010\Projects\task15\Debug\task15.exe
       Manifest:
         C:\Program Files (x86)\Microsoft SDKs\Windows\v7.0A\bin\mt.exe /nologo /verbose /outputresource:"c:\users\z500\documents\visual studio 2010\Projects\task15\Debug\task15.exe;#1" /manifest Debug\task15.exe.intermediate.manifest
       FinalizeBuildStatus:
         Файл "Debug\task15.unsuccessfulbuild" удаляется.
         Обращение к "Debug\task15.lastbuildstate".
     1>Построение проекта "c:\Users\Z500\documents\visual studio 2010\Projects\task15\task15\task15.vcxproj" завершено (целевые объекты build).

Построение успешно завершено.

Затраченное время: 00:00:00.70
