Построение начато 12.05.2016 20:54:31.
     1>Проект "C:\Users\Z500\documents\visual studio 2010\Projects\task20\task20\task20.vcxproj" в узле 2 (целевые объекты build).
     1>InitializeBuildStatus:
         Создание "Debug\task20.unsuccessfulbuild", так как было задано "AlwaysCreate".
       ClCompile:
         C:\Program Files (x86)\Microsoft Visual Studio 10.0\VC\bin\CL.exe /c /ZI /nologo /W3 /WX- /Od /Oy- /D _MBCS /Gm /EHsc /RTC1 /MDd /GS /fp:precise /Zc:wchar_t /Zc:forScope /Fo"Debug\\" /Fd"Debug\vc100.pdb" /Gd /TP /analyze- /errorReport:prompt main.cpp
         main.cpp
     1>c:\users\z500\documents\visual studio 2010\projects\task20\task20\main.cpp(73): warning C4996: 'freopen': This function or variable may be unsafe. Consider using freopen_s instead. To disable deprecation, use _CRT_SECURE_NO_WARNINGS. See online help for details.
                 c:\program files (x86)\microsoft visual studio 10.0\vc\include\stdio.h(249): см. объявление "freopen"
     1>c:\users\z500\documents\visual studio 2010\projects\task20\task20\main.cpp(75): warning C4996: 'scanf': This function or variable may be unsafe. Consider using scanf_s instead. To disable deprecation, use _CRT_SECURE_NO_WARNINGS. See online help for details.
                 c:\program files (x86)\microsoft visual studio 10.0\vc\include\stdio.h(304): см. объявление "scanf"
       Link:
         C:\Program Files (x86)\Microsoft Visual Studio 10.0\VC\bin\link.exe /ERRORREPORT:PROMPT /OUT:"C:\Users\Z500\documents\visual studio 2010\Projects\task20\Debug\task20.exe" /NOLOGO kernel32.lib user32.lib gdi32.lib winspool.lib comdlg32.lib advapi32.lib shell32.lib ole32.lib oleaut32.lib uuid.lib odbc32.lib odbccp32.lib /MANIFEST /ManifestFile:"Debug\task20.exe.intermediate.manifest" /MANIFESTUAC:"level='asInvoker' uiAccess='false'" /DEBUG /PDB:"C:\Users\Z500\documents\visual studio 2010\Projects\task20\Debug\task20.pdb" /TLBID:1 /DYNAMICBASE /NXCOMPAT /IMPLIB:"C:\Users\Z500\documents\visual studio 2010\Projects\task20\Debug\task20.lib" /MACHINE:X86 Debug\main.obj
         LINK : не найден или не выполнена сборка C:\Users\Z500\documents\visual studio 2010\Projects\task20\Debug\task20.exe при последней инкрементной компоновке; выполняется полная компоновка
         task20.vcxproj -> C:\Users\Z500\documents\visual studio 2010\Projects\task20\Debug\task20.exe
       Manifest:
         C:\Program Files (x86)\Microsoft SDKs\Windows\v7.0A\bin\mt.exe /nologo /verbose /outputresource:"C:\Users\Z500\documents\visual studio 2010\Projects\task20\Debug\task20.exe;#1" /manifest Debug\task20.exe.intermediate.manifest
       FinalizeBuildStatus:
         Файл "Debug\task20.unsuccessfulbuild" удаляется.
         Обращение к "Debug\task20.lastbuildstate".
     1>Построение проекта "C:\Users\Z500\documents\visual studio 2010\Projects\task20\task20\task20.vcxproj" завершено (целевые объекты build).

Построение успешно завершено.

Затраченное время: 00:00:01.31
