Построение начато 13.05.2016 6:22:33.
     1>Проект "c:\Users\Z500\documents\visual studio 2010\Projects\task12\task12\task12.vcxproj" в узле 2 (целевые объекты build).
     1>PrepareForBuild:
         Создание каталога "c:\users\z500\documents\visual studio 2010\Projects\task12\Debug\".
       InitializeBuildStatus:
         Создание "Debug\task12.unsuccessfulbuild", так как было задано "AlwaysCreate".
       ClCompile:
         C:\Program Files (x86)\Microsoft Visual Studio 10.0\VC\bin\CL.exe /c /ZI /nologo /W3 /WX- /Od /Oy- /D _MBCS /Gm /EHsc /RTC1 /MDd /GS /fp:precise /Zc:wchar_t /Zc:forScope /Fo"Debug\\" /Fd"Debug\vc100.pdb" /Gd /TP /analyze- /errorReport:prompt main.cpp
         main.cpp
       Link:
         C:\Program Files (x86)\Microsoft Visual Studio 10.0\VC\bin\link.exe /ERRORREPORT:PROMPT /OUT:"c:\users\z500\documents\visual studio 2010\Projects\task12\Debug\task12.exe" /NOLOGO kernel32.lib user32.lib gdi32.lib winspool.lib comdlg32.lib advapi32.lib shell32.lib ole32.lib oleaut32.lib uuid.lib odbc32.lib odbccp32.lib /MANIFEST /ManifestFile:"Debug\task12.exe.intermediate.manifest" /MANIFESTUAC:"level='asInvoker' uiAccess='false'" /DEBUG /PDB:"c:\users\z500\documents\visual studio 2010\Projects\task12\Debug\task12.pdb" /TLBID:1 /DYNAMICBASE /NXCOMPAT /IMPLIB:"c:\users\z500\documents\visual studio 2010\Projects\task12\Debug\task12.lib" /MACHINE:X86 Debug\main.obj
         task12.vcxproj -> c:\users\z500\documents\visual studio 2010\Projects\task12\Debug\task12.exe
       Manifest:
         C:\Program Files (x86)\Microsoft SDKs\Windows\v7.0A\bin\mt.exe /nologo /verbose /outputresource:"c:\users\z500\documents\visual studio 2010\Projects\task12\Debug\task12.exe;#1" /manifest Debug\task12.exe.intermediate.manifest
       FinalizeBuildStatus:
         Файл "Debug\task12.unsuccessfulbuild" удаляется.
         Обращение к "Debug\task12.lastbuildstate".
     1>Построение проекта "c:\Users\Z500\documents\visual studio 2010\Projects\task12\task12\task12.vcxproj" завершено (целевые объекты build).

Построение успешно завершено.

Затраченное время: 00:00:03.29
